<?xml version="1.0" encoding="UTF-8"?>
<testsuite xmlns:xsi="http://www.w3.org/2001/XMLSchema-instance" xsi:noNamespaceSchemaLocation="https://maven.apache.org/surefire/maven-surefire-plugin/xsd/surefire-test-report.xsd" name="fr.rouen.mastergil.tptest.MoneyUnitTest" time="0.011" tests="8" errors="0" skipped="0" failures="0">
  <properties>
[...]
</properties>
  <testcase name="il_est_impossible_d_avoir_une_devise_nulle" classname="fr.rouen.mastergil.tptest.MoneyUnitTest" time="0.006"/>
  <testcase name="isPositif_doit_etre_vrai_si_montant_egal_a_zero" classname="fr.rouen.mastergil.tptest.MoneyUnitTest" time="0.001"/>
  <testcase name="isPositif_doit_etre_faux_si_montant_inferieur_a_zero" classname="fr.rouen.mastergil.tptest.MoneyUnitTest" time="0.001"/>
  <testcase name="getDevise_doit_retourner_la_devise_correcte" classname="fr.rouen.mastergil.tptest.MoneyUnitTest" time="0.001"/>
  <testcase name="getMontant_doit_retourner_le_montant_correct" classname="fr.rouen.mastergil.tptest.MoneyUnitTest" time="0"/>
  <testcase name="le_constructeur_vide_doit_creer_un_objet_0_EURO" classname="fr.rouen.mastergil.tptest.MoneyUnitTest" time="0.001"/>
  <testcase name="le_constructeur_non_vide_doit_creer_un_objet_avec_les_valeurs_en_parametre" classname="fr.rouen.mastergil.tptest.MoneyUnitTest" time="0"/>
  <testcase name="isPositif_doit_etre_vrai_si_montant_superieur_a_zero" classname="fr.rouen.mastergil.tptest.MoneyUnitTest" time="0"/>
</testsuite>